2023-06-14 11:30:53,875 [INFO] Activator:176 - 


2023-06-14 11:30:54,264 [INFO] Activator:177 - !SESSION log4j initialized
2023-06-14 11:31:08,702 [INFO] LogOutputStream:77 - [STDOUT_REDIRECT] 
2023-06-14 11:32:03,063 [ERROR] LogOutputStream:75 - [STDERR_REDIRECT] SLF4J: Failed to load class "org.slf4j.impl.StaticLoggerBinder".
2023-06-14 11:32:03,085 [ERROR] LogOutputStream:75 - [STDERR_REDIRECT] SLF4J: Defaulting to no-operation (NOP) logger implementation
2023-06-14 11:32:03,108 [ERROR] LogOutputStream:75 - [STDERR_REDIRECT] SLF4J: See http://www.slf4j.org/codes.html#StaticLoggerBinder for further details.
2023-06-14 18:18:44,369 [INFO] Activator:179 - 


2023-06-14 18:18:44,384 [INFO] Activator:180 - !SESSION log4j initialized
2023-06-14 18:19:15,742 [ERROR] LogOutputStream:74 - [STDERR_REDIRECT] SLF4J: Failed to load class "org.slf4j.impl.StaticLoggerBinder".
2023-06-14 18:19:15,742 [ERROR] LogOutputStream:74 - [STDERR_REDIRECT] SLF4J: Defaulting to no-operation (NOP) logger implementation
2023-06-14 18:19:15,742 [ERROR] LogOutputStream:74 - [STDERR_REDIRECT] SLF4J: See http://www.slf4j.org/codes.html#StaticLoggerBinder for further details.
2023-06-14 18:28:18,627 [INFO] Activator:179 - 


2023-06-14 18:28:18,627 [INFO] Activator:180 - !SESSION log4j initialized
2023-06-14 18:28:48,588 [ERROR] LogOutputStream:74 - [STDERR_REDIRECT] SLF4J: Failed to load class "org.slf4j.impl.StaticLoggerBinder".
2023-06-14 18:28:48,588 [ERROR] LogOutputStream:74 - [STDERR_REDIRECT] SLF4J: Defaulting to no-operation (NOP) logger implementation
2023-06-14 18:28:48,588 [ERROR] LogOutputStream:74 - [STDERR_REDIRECT] SLF4J: See http://www.slf4j.org/codes.html#StaticLoggerBinder for further details.
2023-06-16 17:08:45,194 [INFO] Activator:179 - 


2023-06-16 17:08:45,209 [INFO] Activator:180 - !SESSION log4j initialized
2023-06-16 17:09:18,503 [ERROR] LogOutputStream:74 - [STDERR_REDIRECT] SLF4J: Failed to load class "org.slf4j.impl.StaticLoggerBinder".
2023-06-16 17:09:18,503 [ERROR] LogOutputStream:74 - [STDERR_REDIRECT] SLF4J: Defaulting to no-operation (NOP) logger implementation
2023-06-16 17:09:18,519 [ERROR] LogOutputStream:74 - [STDERR_REDIRECT] SLF4J: See http://www.slf4j.org/codes.html#StaticLoggerBinder for further details.
