

*******************************************************************************
Thu Mar 15 13:31:43 2018


FIT:    data read from "measuringlinearsearch.out" using 1:3
        format = x:z
	y range restricted to [0.00000 : 110000.]
        #datapoints = 10
        residuals are weighted equally (unit weight)

function used for fitting: f(x)
fitted parameters initialized with current variable values



 Iteration 0
 WSSR        : 3.84561e+10       delta(WSSR)/WSSR   : 0
 delta(WSSR) : 0                 limit for stopping : 1e-05
 lambda	  : 43874.8

initial set of free parameter values

a               = 1
b               = 1

After 8 iterations the fit converged.
final sum of squares of residuals : 3.08719
rel. change during last iteration : -2.36675e-11

degrees of freedom    (FIT_NDF)                        : 8
rms of residuals      (FIT_STDFIT) = sqrt(WSSR/ndf)    : 0.621208
variance of residuals (reduced chisquare) = WSSR/ndf   : 0.385899

Final set of parameters            Asymptotic Standard Error
=======================            ==========================

a               = 0.000568431      +/- 6.839e-06    (1.203%)
b               = 1.0878           +/- 0.4244       (39.01%)


correlation matrix of the fit parameters:

               a      b      
a               1.000 
b              -0.886  1.000 
